2017-06-29 12:45:26,382 INFO  [main] sirius - Java HotSpot(TM) 64-Bit Server VM (1.8, Oracle Corporation, 25.112-b16)
2017-06-29 12:45:26,386 INFO  [main] sirius - Mac OS X (10.12.5) on 8 CPUs (x86_64)
2017-06-29 12:45:26,386 INFO  [main] sirius - ---------------------------------------------------------
2017-06-29 12:45:26,386 INFO  [main] sirius - System is STARTING...
2017-06-29 12:45:26,386 INFO  [main] sirius - ---------------------------------------------------------
2017-06-29 12:45:26,386 INFO  [main] sirius - Loading config...
2017-06-29 12:45:26,386 INFO  [main] sirius - ---------------------------------------------------------
2017-06-29 12:45:26,427 INFO  [main] sirius - application.conf not present in classpath
2017-06-29 12:45:26,427 INFO  [main] sirius - instance.conf not present work in directory
2017-06-29 12:45:26,433 INFO  [main] sirius - ---------------------------------------------------------
2017-06-29 12:45:26,433 INFO  [main] sirius - Starting the system...
2017-06-29 12:45:26,433 INFO  [main] sirius - ---------------------------------------------------------
2017-06-29 12:45:26,735 INFO  [main] sirius - Initializing the log system:
2017-06-29 12:45:26,737 INFO  [main] sirius - * Setting velocity to: WARN
2017-06-29 12:45:26,738 INFO  [main] sirius - * Setting ignored to: OFF
2017-06-29 12:45:26,739 INFO  [main] sirius - Enabled 3 of 3 frameworks...
2017-06-29 12:45:26,739 INFO  [main] sirius - Active Customizations: []
2017-06-29 12:45:26,897 INFO  [main] di - Initializing the MicroKernel....
2017-06-29 12:45:26,898 INFO  [main] di - ~ Scanning .class files...
2017-06-29 12:45:27,100 ERROR [main] di - An error occurred: Failed to load dependent class: sirius.web.security.ScopeInfo
sirius.kernel.health.HandledException: An error occurred: Failed to load dependent class: sirius.web.security.ScopeInfo
	at sirius.kernel.health.Exceptions$ErrorHandler.handle(Exceptions.java:190)
	at sirius.kernel.di.Injector.loadClass(Injector.java:123)
	at java.util.stream.ForEachOps$ForEachOp$OfRef.accept(ForEachOps.java:184)
	at java.util.stream.ReferencePipeline$2$1.accept(ReferencePipeline.java:175)
	at java.util.stream.ReferencePipeline$3$1.accept(ReferencePipeline.java:193)
	at java.util.stream.ReferencePipeline$2$1.accept(ReferencePipeline.java:175)
	at java.util.ArrayList$ArrayListSpliterator.forEachRemaining(ArrayList.java:1374)
	at java.util.stream.ReferencePipeline$Head.forEach(ReferencePipeline.java:580)
	at java.util.stream.ReferencePipeline$7$1.accept(ReferencePipeline.java:270)
	at java.util.ArrayList$ArrayListSpliterator.forEachRemaining(ArrayList.java:1374)
	at java.util.stream.AbstractPipeline.copyInto(AbstractPipeline.java:481)
	at java.util.stream.AbstractPipeline.wrapAndCopyInto(AbstractPipeline.java:471)
	at java.util.stream.ForEachOps$ForEachOp.evaluateSequential(ForEachOps.java:151)
	at java.util.stream.ForEachOps$ForEachOp$OfRef.evaluateSequential(ForEachOps.java:174)
	at java.util.stream.AbstractPipeline.evaluate(AbstractPipeline.java:234)
	at java.util.stream.ReferencePipeline.forEach(ReferencePipeline.java:418)
	at sirius.kernel.di.Injector.init(Injector.java:83)
	at sirius.kernel.Sirius.init(Sirius.java:236)
	at sirius.kernel.Sirius.start(Sirius.java:358)
	at sirius.kernel.Setup.createAndStartEnvironment(Setup.java:155)
	at sun.reflect.NativeMethodAccessorImpl.invoke0(Native Method)
	at sun.reflect.NativeMethodAccessorImpl.invoke(NativeMethodAccessorImpl.java:62)
	at sun.reflect.DelegatingMethodAccessorImpl.invoke(DelegatingMethodAccessorImpl.java:43)
	at java.lang.reflect.Method.invoke(Method.java:498)
	at IPL.kickstart(IPL.java:132)
	at IPL.main(IPL.java:62)
Caused by: java.lang.NoClassDefFoundError: sirius/kernel/di/transformers/Composable
	at java.lang.ClassLoader.defineClass1(Native Method)
	at java.lang.ClassLoader.defineClass(ClassLoader.java:763)
	at java.security.SecureClassLoader.defineClass(SecureClassLoader.java:142)
	at java.net.URLClassLoader.defineClass(URLClassLoader.java:467)
	at java.net.URLClassLoader.access$100(URLClassLoader.java:73)
	at java.net.URLClassLoader$1.run(URLClassLoader.java:368)
	at java.net.URLClassLoader$1.run(URLClassLoader.java:362)
	at java.security.AccessController.doPrivileged(Native Method)
	at java.net.URLClassLoader.findClass(URLClassLoader.java:361)
	at java.lang.ClassLoader.loadClass(ClassLoader.java:424)
	at sun.misc.Launcher$AppClassLoader.loadClass(Launcher.java:331)
	at java.lang.ClassLoader.loadClass(ClassLoader.java:411)
	at java.lang.ClassLoader.loadClass(ClassLoader.java:357)
	at java.lang.Class.forName0(Native Method)
	at java.lang.Class.forName(Class.java:348)
	at sirius.kernel.di.Injector.loadClass(Injector.java:105)
	... 24 more
Caused by: java.lang.ClassNotFoundException: sirius.kernel.di.transformers.Composable
	at java.net.URLClassLoader.findClass(URLClassLoader.java:381)
	at java.lang.ClassLoader.loadClass(ClassLoader.java:424)
	at sun.misc.Launcher$AppClassLoader.loadClass(Launcher.java:331)
	at java.lang.ClassLoader.loadClass(ClassLoader.java:357)
	... 40 more
2017-06-29 12:45:27,112 ERROR [main] di - An error occurred: Failed to load dependent class: sirius.web.security.UserSettings
sirius.kernel.health.HandledException: An error occurred: Failed to load dependent class: sirius.web.security.UserSettings
	at sirius.kernel.health.Exceptions$ErrorHandler.handle(Exceptions.java:190)
	at sirius.kernel.di.Injector.loadClass(Injector.java:123)
	at java.util.stream.ForEachOps$ForEachOp$OfRef.accept(ForEachOps.java:184)
	at java.util.stream.ReferencePipeline$2$1.accept(ReferencePipeline.java:175)
	at java.util.stream.ReferencePipeline$3$1.accept(ReferencePipeline.java:193)
	at java.util.stream.ReferencePipeline$2$1.accept(ReferencePipeline.java:175)
	at java.util.ArrayList$ArrayListSpliterator.forEachRemaining(ArrayList.java:1374)
	at java.util.stream.ReferencePipeline$Head.forEach(ReferencePipeline.java:580)
	at java.util.stream.ReferencePipeline$7$1.accept(ReferencePipeline.java:270)
	at java.util.ArrayList$ArrayListSpliterator.forEachRemaining(ArrayList.java:1374)
	at java.util.stream.AbstractPipeline.copyInto(AbstractPipeline.java:481)
	at java.util.stream.AbstractPipeline.wrapAndCopyInto(AbstractPipeline.java:471)
	at java.util.stream.ForEachOps$ForEachOp.evaluateSequential(ForEachOps.java:151)
	at java.util.stream.ForEachOps$ForEachOp$OfRef.evaluateSequential(ForEachOps.java:174)
	at java.util.stream.AbstractPipeline.evaluate(AbstractPipeline.java:234)
	at java.util.stream.ReferencePipeline.forEach(ReferencePipeline.java:418)
	at sirius.kernel.di.Injector.init(Injector.java:83)
	at sirius.kernel.Sirius.init(Sirius.java:236)
	at sirius.kernel.Sirius.start(Sirius.java:358)
	at sirius.kernel.Setup.createAndStartEnvironment(Setup.java:155)
	at sun.reflect.NativeMethodAccessorImpl.invoke0(Native Method)
	at sun.reflect.NativeMethodAccessorImpl.invoke(NativeMethodAccessorImpl.java:62)
	at sun.reflect.DelegatingMethodAccessorImpl.invoke(DelegatingMethodAccessorImpl.java:43)
	at java.lang.reflect.Method.invoke(Method.java:498)
	at IPL.kickstart(IPL.java:132)
	at IPL.main(IPL.java:62)
Caused by: java.lang.NoClassDefFoundError: sirius/kernel/settings/ExtendedSettings
	at java.lang.ClassLoader.defineClass1(Native Method)
	at java.lang.ClassLoader.defineClass(ClassLoader.java:763)
	at java.security.SecureClassLoader.defineClass(SecureClassLoader.java:142)
	at java.net.URLClassLoader.defineClass(URLClassLoader.java:467)
	at java.net.URLClassLoader.access$100(URLClassLoader.java:73)
	at java.net.URLClassLoader$1.run(URLClassLoader.java:368)
	at java.net.URLClassLoader$1.run(URLClassLoader.java:362)
	at java.security.AccessController.doPrivileged(Native Method)
	at java.net.URLClassLoader.findClass(URLClassLoader.java:361)
	at java.lang.ClassLoader.loadClass(ClassLoader.java:424)
	at sun.misc.Launcher$AppClassLoader.loadClass(Launcher.java:331)
	at java.lang.ClassLoader.loadClass(ClassLoader.java:411)
	at java.lang.ClassLoader.loadClass(ClassLoader.java:357)
	at java.lang.Class.forName0(Native Method)
	at java.lang.Class.forName(Class.java:348)
	at sirius.kernel.di.Injector.loadClass(Injector.java:105)
	... 24 more
Caused by: java.lang.ClassNotFoundException: sirius.kernel.settings.ExtendedSettings
	at java.net.URLClassLoader.findClass(URLClassLoader.java:381)
	at java.lang.ClassLoader.loadClass(ClassLoader.java:424)
	at sun.misc.Launcher$AppClassLoader.loadClass(Launcher.java:331)
	at java.lang.ClassLoader.loadClass(ClassLoader.java:357)
	... 40 more
2017-06-29 12:45:27,131 ERROR [main] di - An error occurred: Failed to load dependent class: sirius.web.security.UserInfo
sirius.kernel.health.HandledException: An error occurred: Failed to load dependent class: sirius.web.security.UserInfo
	at sirius.kernel.health.Exceptions$ErrorHandler.handle(Exceptions.java:190)
	at sirius.kernel.di.Injector.loadClass(Injector.java:123)
	at java.util.stream.ForEachOps$ForEachOp$OfRef.accept(ForEachOps.java:184)
	at java.util.stream.ReferencePipeline$2$1.accept(ReferencePipeline.java:175)
	at java.util.stream.ReferencePipeline$3$1.accept(ReferencePipeline.java:193)
	at java.util.stream.ReferencePipeline$2$1.accept(ReferencePipeline.java:175)
	at java.util.ArrayList$ArrayListSpliterator.forEachRemaining(ArrayList.java:1374)
	at java.util.stream.ReferencePipeline$Head.forEach(ReferencePipeline.java:580)
	at java.util.stream.ReferencePipeline$7$1.accept(ReferencePipeline.java:270)
	at java.util.ArrayList$ArrayListSpliterator.forEachRemaining(ArrayList.java:1374)
	at java.util.stream.AbstractPipeline.copyInto(AbstractPipeline.java:481)
	at java.util.stream.AbstractPipeline.wrapAndCopyInto(AbstractPipeline.java:471)
	at java.util.stream.ForEachOps$ForEachOp.evaluateSequential(ForEachOps.java:151)
	at java.util.stream.ForEachOps$ForEachOp$OfRef.evaluateSequential(ForEachOps.java:174)
	at java.util.stream.AbstractPipeline.evaluate(AbstractPipeline.java:234)
	at java.util.stream.ReferencePipeline.forEach(ReferencePipeline.java:418)
	at sirius.kernel.di.Injector.init(Injector.java:83)
	at sirius.kernel.Sirius.init(Sirius.java:236)
	at sirius.kernel.Sirius.start(Sirius.java:358)
	at sirius.kernel.Setup.createAndStartEnvironment(Setup.java:155)
	at sun.reflect.NativeMethodAccessorImpl.invoke0(Native Method)
	at sun.reflect.NativeMethodAccessorImpl.invoke(NativeMethodAccessorImpl.java:62)
	at sun.reflect.DelegatingMethodAccessorImpl.invoke(DelegatingMethodAccessorImpl.java:43)
	at java.lang.reflect.Method.invoke(Method.java:498)
	at IPL.kickstart(IPL.java:132)
	at IPL.main(IPL.java:62)
Caused by: java.lang.NoClassDefFoundError: sirius/kernel/di/transformers/Composable
	at java.lang.ClassLoader.defineClass1(Native Method)
	at java.lang.ClassLoader.defineClass(ClassLoader.java:763)
	at java.security.SecureClassLoader.defineClass(SecureClassLoader.java:142)
	at java.net.URLClassLoader.defineClass(URLClassLoader.java:467)
	at java.net.URLClassLoader.access$100(URLClassLoader.java:73)
	at java.net.URLClassLoader$1.run(URLClassLoader.java:368)
	at java.net.URLClassLoader$1.run(URLClassLoader.java:362)
	at java.security.AccessController.doPrivileged(Native Method)
	at java.net.URLClassLoader.findClass(URLClassLoader.java:361)
	at java.lang.ClassLoader.loadClass(ClassLoader.java:424)
	at sun.misc.Launcher$AppClassLoader.loadClass(Launcher.java:331)
	at java.lang.ClassLoader.loadClass(ClassLoader.java:411)
	at java.lang.ClassLoader.loadClass(ClassLoader.java:357)
	at java.lang.Class.forName0(Native Method)
	at java.lang.Class.forName(Class.java:348)
	at sirius.kernel.di.Injector.loadClass(Injector.java:105)
	... 24 more
Caused by: java.lang.ClassNotFoundException: sirius.kernel.di.transformers.Composable
	at java.net.URLClassLoader.findClass(URLClassLoader.java:381)
	at java.lang.ClassLoader.loadClass(ClassLoader.java:424)
	at sun.misc.Launcher$AppClassLoader.loadClass(Launcher.java:331)
	at java.lang.ClassLoader.loadClass(ClassLoader.java:357)
	... 40 more
2017-06-29 12:45:27,314 INFO  [main] di - ~ Applying 1 class load actions on 462 classes...
2017-06-29 12:45:27,358 INFO  [main] di - ~ Initializing static parts-references...
